Arguments: 
  /Users/yutian/.nvm/versions/node/v18.17.0/bin/node /opt/homebrew/Cellar/yarn/1.22.19/libexec/bin/yarn.js cache clean

PATH: 
  /opt/homebrew/opt/openjdk/bin:/usr/local/bin:/Users/yutian/.nvm/versions/node/v18.17.0/bin:/opt/homebrew/bin:/opt/homebrew/sbin:/usr/local/bin:/System/Cryptexes/App/usr/bin:/usr/bin:/bin:/usr/sbin:/sbin:/opt/homebrew/opt/openjdk/bin:/Users/yutian/Library/pnpm:/Users/yutian/.nvm/versions/node/v18.17.0/bin:/opt/homebrew/bin:/opt/homebrew/sbin:/Users/yutian/.cargo/bin

Yarn version: 
  1.22.19

Node version: 
  18.17.0

Platform: 
  darwin arm64

Trace: 
  Error: Failed to replace env in config: ${NPM_TOKEN}
      at /opt/homebrew/Cellar/yarn/1.22.19/libexec/lib/cli.js:94933:13
      at String.replace (<anonymous>)
      at envReplace (/opt/homebrew/Cellar/yarn/1.22.19/libexec/lib/cli.js:94928:16)
      at Function.normalizeConfig (/opt/homebrew/Cellar/yarn/1.22.19/libexec/lib/cli.js:31938:69)
      at NpmRegistry.<anonymous> (/opt/homebrew/Cellar/yarn/1.22.19/libexec/lib/cli.js:31968:34)
      at Generator.next (<anonymous>)
      at step (/opt/homebrew/Cellar/yarn/1.22.19/libexec/lib/cli.js:310:30)
      at /opt/homebrew/Cellar/yarn/1.22.19/libexec/lib/cli.js:321:13

npm manifest: 
  {
    "name": "example",
    "version": "1.0.0",
    "description": "",
    "main": "index.js",
    "scripts": {
      "start": "webpack serve --open",
      "build": "webpack",
      "test": "echo \"Error: no test specified\" && exit 1"
    },
    "keywords": [],
    "author": "Midori",
    "license": "ISC",
    "dependencies": {
      "@midori-profile/overlay-video": "1.0.2",
      "react": "^18.2.0",
      "react-dom": "^18.2.0"
    },
    "devDependencies": {
      "@babel/core": "^7.24.4",
      "@babel/preset-env": "^7.24.4",
      "@babel/preset-react": "^7.24.1",
      "@babel/preset-typescript": "^7.24.1",
      "@types/react": "^18.2.74",
      "@types/react-dom": "^18.2.24",
      "babel-loader": "^9.1.3",
      "file-loader": "^6.2.0",
      "html-webpack-plugin": "^5.6.0",
      "typescript": "^5.4.4",
      "webpack": "^5.91.0",
      "webpack-cli": "^5.1.4",
      "webpack-dev-server": "^5.0.4"
    }
  }

yarn manifest: 
  No manifest

Lockfile: 
  No lockfile
